Arguments: 
  /Users/user2/.nvm/versions/node/v12.18.3/bin/node /usr/local/bin/yarn add @boringcrypto

PATH: 
  /Users/user2/Downloads/google-cloud-sdk/bin:/Users/user2/.nvm/versions/node/v12.18.3/bin:/usr/local/bin:/usr/bin:/bin:/usr/sbin:/sbin:/Library/Apple/usr/bin:/Users/user2/.nix-profile/bin:/Users/user2/.cargo/bin

Yarn version: 
  1.22.4

Node version: 
  12.18.3

Platform: 
  darwin x64

Trace: 
  Error: https://registry.npmjs.org/@boringcrypto: Request "https://registry.npmjs.org/@boringcrypto" returned a 405
      at Request.params.callback [as _callback] (/usr/local/lib/node_modules/yarn/lib/cli.js:66996:18)
      at Request.self.callback (/usr/local/lib/node_modules/yarn/lib/cli.js:140748:22)
      at Request.emit (events.js:315:20)
      at Request.<anonymous> (/usr/local/lib/node_modules/yarn/lib/cli.js:141720:10)
      at Request.emit (events.js:315:20)
      at IncomingMessage.<anonymous> (/usr/local/lib/node_modules/yarn/lib/cli.js:141642:12)
      at Object.onceWrapper (events.js:421:28)
      at IncomingMessage.emit (events.js:327:22)
      at endReadableNT (_stream_readable.js:1220:12)
      at processTicksAndRejections (internal/process/task_queues.js:84:21)

npm manifest: 
  {
    "name": "hardhat-project",
    "dependencies": {
      "@openzeppelin/contracts": "^4.5.0",
      "@openzeppelin/contracts-upgradeable": "^4.5.1"
    }
  }

yarn manifest: 
  No manifest

Lockfile: 
  # THIS IS AN AUTOGENERATED FILE. DO NOT EDIT THIS FILE DIRECTLY.
  # yarn lockfile v1
  
  
  "@openzeppelin/contracts-upgradeable@^4.5.1":
    version "4.5.1"
    resolved "https://registry.yarnpkg.com/@openzeppelin/contracts-upgradeable/-/contracts-upgradeable-4.5.1.tgz#dc354082460eb34f5833afdecfab46538b208c4f"
    integrity sha512-xcKycsSyFauIGMhSeeTJW/Jzz9jZUJdiFNP9Wo/9VhMhw8t5X0M92RY6x176VfcIWsxURMHFWOJVTlFA78HI/w==
  
  "@openzeppelin/contracts@^4.5.0":
    version "4.5.0"
    resolved "https://registry.yarnpkg.com/@openzeppelin/contracts/-/contracts-4.5.0.tgz#3fd75d57de172b3743cdfc1206883f56430409cc"
    integrity sha512-fdkzKPYMjrRiPK6K4y64e6GzULR7R7RwxSigHS8DDp7aWDeoReqsQI+cxHV1UuhAqX69L1lAaWDxenfP+xiqzA==
